<?xml version="1.0" encoding="UTF-8"?>
<testsuite name="Tests" tests="4" skipped="0" failures="0" errors="0" timestamp="2019-12-06T00:29:44" hostname="MacBook-Pro-de-Achraf.local" time="0.019">
  <properties/>
  <testcase name="recursive fuel mass" classname="Tests" time="0.009"/>
  <testcase name="opcode 1" classname="Tests" time="0.01"/>
  <testcase name="recursive fuel mass 2" classname="Tests" time="0.0"/>
  <testcase name="recursive fuel mass 3" classname="Tests" time="0.0"/>
  <system-out><![CDATA[]]></system-out>
  <system-err><![CDATA[]]></system-err>
</testsuite>
